<?xml version="1.0" encoding="UTF-8"?>
<testng-results skipped="0" failed="0" ignored="0" total="1" passed="1">
  <reporter-output>
  </reporter-output>
  <suite name="Default suite" duration-ms="34839" started-at="2019-10-15T17:23:17 IST" finished-at="2019-10-15T17:23:52 IST">
    <groups>
    </groups>
    <test name="Default test" duration-ms="34839" started-at="2019-10-15T17:23:17 IST" finished-at="2019-10-15T17:23:52 IST">
      <class name="TestCases.hyperlink">
        <test-method status="PASS" signature="setUp()[pri:0, instance:TestCases.hyperlink@210366b4]" name="setUp" is-config="true" duration-ms="1413" started-at="2019-10-15T17:23:17 IST" finished-at="2019-10-15T17:23:18 IST">
          <reporter-output>
          </reporter-output>
        </test-method> <!-- setUp -->
        <test-method status="PASS" signature="Hyperlink()[pri:0, instance:TestCases.hyperlink@210366b4]" name="Hyperlink" duration-ms="33400" started-at="2019-10-15T17:23:18 IST" finished-at="2019-10-15T17:23:52 IST">
          <reporter-output>
          </reporter-output>
        </test-method> <!-- Hyperlink -->
      </class> <!-- TestCases.hyperlink -->
    </test> <!-- Default test -->
  </suite> <!-- Default suite -->
</testng-results>
